0 info it worked if it ends with ok
1 verbose cli [ '/usr/local/bin/node',
1 verbose cli   '/usr/local/bin/npm',
1 verbose cli   'start',
1 verbose cli   '/var/www/html/angular-newsletter/' ]
2 info using npm@2.7.4
3 info using node@v0.12.2
4 verbose run-script [ 'prestart', 'start', 'poststart' ]
5 info prestart angular-seed@0.0.0
6 verbose unsafe-perm in lifecycle true
7 info start angular-seed@0.0.0
8 verbose unsafe-perm in lifecycle true
9 info angular-seed@0.0.0 Failed to exec start script
10 verbose stack Error: angular-seed@0.0.0 start: `node node-server.js & node main.js /var/www/html/angular-newsletter/`
10 verbose stack Exit status 1
10 verbose stack     at EventEmitter.<anonymous> (/usr/local/lib/node_modules/npm/lib/utils/lifecycle.js:213:16)
10 verbose stack     at EventEmitter.emit (events.js:110:17)
10 verbose stack     at ChildProcess.<anonymous> (/usr/local/lib/node_modules/npm/lib/utils/spawn.js:14:12)
10 verbose stack     at ChildProcess.emit (events.js:110:17)
10 verbose stack     at maybeClose (child_process.js:1015:16)
10 verbose stack     at Process.ChildProcess._handle.onexit (child_process.js:1087:5)
11 verbose pkgid angular-seed@0.0.0
12 verbose cwd /var/www/html/angular-newsletter
13 error Linux 4.1.7-15.23.amzn1.x86_64
14 error argv "/usr/local/bin/node" "/usr/local/bin/npm" "start" "/var/www/html/angular-newsletter/"
15 error node v0.12.2
16 error npm  v2.7.4
17 error code ELIFECYCLE
18 error angular-seed@0.0.0 start: `node node-server.js & node main.js /var/www/html/angular-newsletter/`
18 error Exit status 1
19 error Failed at the angular-seed@0.0.0 start script 'node node-server.js & node main.js /var/www/html/angular-newsletter/'.
19 error This is most likely a problem with the angular-seed package,
19 error not with npm itself.
19 error Tell the author that this fails on your system:
19 error     node node-server.js & node main.js /var/www/html/angular-newsletter/
19 error You can get their info via:
19 error     npm owner ls angular-seed
19 error There is likely additional logging output above.
20 verbose exit [ 1, true ]
